<?xml version="1.0" encoding="UTF-8"?>
<coverage generated="1646358903889" clover="3.2.0">
  <project timestamp="1646358903890" name="All files">
    <metrics statements="120" coveredstatements="100" conditionals="42" coveredconditionals="32" methods="8" coveredmethods="5" elements="170" coveredelements="137" complexity="0" loc="120" ncloc="120" packages="4" files="7" classes="7"/>
    <package name="Backend">
      <metrics statements="11" coveredstatements="11" conditionals="0" coveredconditionals="0" methods="0" coveredmethods="0"/>
      <file name="app.js" path="C:\Users\rutub\OneDrive\Desktop\Comp4350\newProject\E-Book-Hub\Backend\app.js">
        <metrics statements="11" coveredstatements="11" conditionals="0" coveredconditionals="0" methods="0" coveredmethods="0"/>
        <line num="2" count="2" type="stmt"/>
        <line num="3" count="2" type="stmt"/>
        <line num="4" count="2" type="stmt"/>
        <line num="5" count="2" type="stmt"/>
        <line num="6" count="2" type="stmt"/>
        <line num="7" count="2" type="stmt"/>
        <line num="9" count="2" type="stmt"/>
        <line num="15" count="2" type="stmt"/>
        <line num="18" count="2" type="stmt"/>
        <line num="20" count="2" type="stmt"/>
        <line num="23" count="2" type="stmt"/>
      </file>
    </package>
    <package name="Backend.Controller">
      <metrics statements="56" coveredstatements="37" conditionals="20" coveredconditionals="12" methods="6" coveredmethods="3"/>
      <file name="bookController.js" path="C:\Users\rutub\OneDrive\Desktop\Comp4350\newProject\E-Book-Hub\Backend\Controller\bookController.js">
        <metrics statements="23" coveredstatements="23" conditionals="10" coveredconditionals="10" methods="2" coveredmethods="2"/>
        <line num="1" count="2" type="stmt"/>
        <line num="2" count="2" type="stmt"/>
        <line num="4" count="2" type="stmt"/>
        <line num="6" count="11" type="cond" truecount="2" falsecount="0"/>
        <line num="7" count="2" type="stmt"/>
        <line num="8" count="9" type="cond" truecount="2" falsecount="0"/>
        <line num="9" count="2" type="stmt"/>
        <line num="10" count="7" type="cond" truecount="2" falsecount="0"/>
        <line num="11" count="2" type="stmt"/>
        <line num="12" count="5" type="cond" truecount="2" falsecount="0"/>
        <line num="13" count="2" type="stmt"/>
        <line num="14" count="3" type="cond" truecount="2" falsecount="0"/>
        <line num="15" count="2" type="stmt"/>
        <line num="17" count="1" type="stmt"/>
        <line num="20" count="11" type="stmt"/>
        <line num="23" count="2" type="stmt"/>
        <line num="24" count="11" type="stmt"/>
        <line num="25" count="11" type="stmt"/>
        <line num="26" count="11" type="stmt"/>
        <line num="27" count="11" type="stmt"/>
        <line num="29" count="11" type="stmt"/>
        <line num="31" count="6" type="stmt"/>
        <line num="38" count="5" type="stmt"/>
      </file>
      <file name="userController.js" path="C:\Users\rutub\OneDrive\Desktop\Comp4350\newProject\E-Book-Hub\Backend\Controller\userController.js">
        <metrics statements="33" coveredstatements="14" conditionals="10" coveredconditionals="2" methods="4" coveredmethods="1"/>
        <line num="1" count="2" type="stmt"/>
        <line num="2" count="2" type="stmt"/>
        <line num="3" count="2" type="stmt"/>
        <line num="5" count="2" type="stmt"/>
        <line num="6" count="9" type="stmt"/>
        <line num="7" count="9" type="cond" truecount="2" falsecount="0"/>
        <line num="8" count="7" type="stmt"/>
        <line num="10" count="9" type="stmt"/>
        <line num="11" count="1" type="stmt"/>
        <line num="12" count="1" type="stmt"/>
        <line num="20" count="8" type="stmt"/>
        <line num="28" count="2" type="stmt"/>
        <line num="29" count="0" type="stmt"/>
        <line num="31" count="0" type="cond" truecount="0" falsecount="2"/>
        <line num="32" count="0" type="stmt"/>
        <line num="34" count="0" type="stmt"/>
        <line num="41" count="0" type="cond" truecount="0" falsecount="2"/>
        <line num="42" count="0" type="stmt"/>
        <line num="44" count="0" type="stmt"/>
        <line num="45" count="0" type="stmt"/>
        <line num="53" count="0" type="stmt"/>
        <line num="61" count="2" type="stmt"/>
        <line num="62" count="0" type="stmt"/>
        <line num="63" count="0" type="stmt"/>
        <line num="64" count="0" type="stmt"/>
        <line num="66" count="0" type="cond" truecount="0" falsecount="2"/>
        <line num="67" count="0" type="stmt"/>
        <line num="70" count="0" type="cond" truecount="0" falsecount="2"/>
        <line num="71" count="0" type="stmt"/>
        <line num="79" count="0" type="stmt"/>
        <line num="82" count="0" type="stmt"/>
        <line num="90" count="2" type="stmt"/>
        <line num="91" count="0" type="stmt"/>
      </file>
    </package>
    <package name="Backend.models">
      <metrics statements="36" coveredstatements="35" conditionals="22" coveredconditionals="20" methods="2" coveredmethods="2"/>
      <file name="bookModel.js" path="C:\Users\rutub\OneDrive\Desktop\Comp4350\newProject\E-Book-Hub\Backend\models\bookModel.js">
        <metrics statements="31" coveredstatements="30" conditionals="22" coveredconditionals="20" methods="2" coveredmethods="2"/>
        <line num="1" count="2" type="stmt"/>
        <line num="2" count="240" type="cond" truecount="1" falsecount="1"/>
        <line num="3" count="0" type="stmt"/>
        <line num="5" count="240" type="cond" truecount="2" falsecount="0"/>
        <line num="6" count="155" type="stmt"/>
        <line num="8" count="240" type="cond" truecount="2" falsecount="0"/>
        <line num="9" count="9" type="stmt"/>
        <line num="12" count="240" type="cond" truecount="2" falsecount="0"/>
        <line num="13" count="79" type="stmt"/>
        <line num="15" count="240" type="cond" truecount="2" falsecount="0"/>
        <line num="16" count="1" type="stmt"/>
        <line num="18" count="240" type="cond" truecount="2" falsecount="0"/>
        <line num="19" count="82" type="stmt"/>
        <line num="22" count="240" type="cond" truecount="2" falsecount="0"/>
        <line num="23" count="33" type="stmt"/>
        <line num="26" count="240" type="cond" truecount="2" falsecount="0"/>
        <line num="27" count="2" type="stmt"/>
        <line num="29" count="240" type="cond" truecount="2" falsecount="0"/>
        <line num="30" count="193" type="stmt"/>
        <line num="33" count="240" type="cond" truecount="2" falsecount="0"/>
        <line num="34" count="43" type="stmt"/>
        <line num="37" count="240" type="stmt"/>
        <line num="40" count="2" type="stmt"/>
        <line num="42" count="11" type="stmt"/>
        <line num="44" count="11" type="stmt"/>
        <line num="45" count="245" type="cond" truecount="1" falsecount="1"/>
        <line num="46" count="240" type="stmt"/>
        <line num="61" count="240" type="stmt"/>
        <line num="63" count="240" type="stmt"/>
        <line num="67" count="6" type="stmt"/>
        <line num="70" count="2" type="stmt"/>
      </file>
      <file name="userModel.js" path="C:\Users\rutub\OneDrive\Desktop\Comp4350\newProject\E-Book-Hub\Backend\models\userModel.js">
        <metrics statements="5" coveredstatements="5" conditionals="0" coveredconditionals="0" methods="0" coveredmethods="0"/>
        <line num="1" count="2" type="stmt"/>
        <line num="3" count="2" type="stmt"/>
        <line num="28" count="2" type="stmt"/>
        <line num="30" count="2" type="stmt"/>
        <line num="32" count="2" type="stmt"/>
      </file>
    </package>
    <package name="Backend.routes">
      <metrics statements="17" coveredstatements="17" conditionals="0" coveredconditionals="0" methods="0" coveredmethods="0"/>
      <file name="bookRoutes.js" path="C:\Users\rutub\OneDrive\Desktop\Comp4350\newProject\E-Book-Hub\Backend\routes\bookRoutes.js">
        <metrics statements="10" coveredstatements="10" conditionals="0" coveredconditionals="0" methods="0" coveredmethods="0"/>
        <line num="1" count="2" type="stmt"/>
        <line num="3" count="2" type="stmt"/>
        <line num="5" count="2" type="stmt"/>
        <line num="11" count="2" type="stmt"/>
        <line num="12" count="2" type="stmt"/>
        <line num="13" count="2" type="stmt"/>
        <line num="14" count="2" type="stmt"/>
        <line num="15" count="2" type="stmt"/>
        <line num="16" count="2" type="stmt"/>
        <line num="18" count="2" type="stmt"/>
      </file>
      <file name="userRoutes.js" path="C:\Users\rutub\OneDrive\Desktop\Comp4350\newProject\E-Book-Hub\Backend\routes\userRoutes.js">
        <metrics statements="7" coveredstatements="7" conditionals="0" coveredconditionals="0" methods="0" coveredmethods="0"/>
        <line num="1" count="2" type="stmt"/>
        <line num="3" count="2" type="stmt"/>
        <line num="5" count="2" type="stmt"/>
        <line num="10" count="2" type="stmt"/>
        <line num="13" count="2" type="stmt"/>
        <line num="18" count="2" type="stmt"/>
        <line num="20" count="2" type="stmt"/>
      </file>
    </package>
  </project>
</coverage>
