<?xml version="1.0" encoding="UTF-8"?>
<coverage generated="1646292776825" clover="3.2.0">
  <project timestamp="1646292776825" name="All files">
    <metrics statements="118" coveredstatements="99" conditionals="40" coveredconditionals="31" methods="8" coveredmethods="5" elements="166" coveredelements="135" complexity="0" loc="118" ncloc="118" packages="4" files="7" classes="7"/>
    <package name="Backend">
      <metrics statements="11" coveredstatements="11" conditionals="0" coveredconditionals="0" methods="0" coveredmethods="0"/>
      <file name="app.js" path="C:\Users\rutub\OneDrive\Desktop\Comp4350\newProject\E-Book-Hub\Backend\app.js">
        <metrics statements="11" coveredstatements="11" conditionals="0" coveredconditionals="0" methods="0" coveredmethods="0"/>
        <line num="2" count="2" type="stmt"/>
        <line num="3" count="2" type="stmt"/>
        <line num="4" count="2" type="stmt"/>
        <line num="5" count="2" type="stmt"/>
        <line num="6" count="2" type="stmt"/>
        <line num="7" count="2" type="stmt"/>
        <line num="9" count="2" type="stmt"/>
        <line num="15" count="2" type="stmt"/>
        <line num="18" count="2" type="stmt"/>
        <line num="20" count="2" type="stmt"/>
        <line num="23" count="2" type="stmt"/>
      </file>
    </package>
    <package name="Backend.Controller">
      <metrics statements="54" coveredstatements="37" conditionals="18" coveredconditionals="12" methods="6" coveredmethods="3"/>
      <file name="bookController.js" path="C:\Users\rutub\OneDrive\Desktop\Comp4350\newProject\E-Book-Hub\Backend\Controller\bookController.js">
        <metrics statements="23" coveredstatements="23" conditionals="10" coveredconditionals="10" methods="2" coveredmethods="2"/>
        <line num="1" count="2" type="stmt"/>
        <line num="2" count="2" type="stmt"/>
        <line num="4" count="2" type="stmt"/>
        <line num="6" count="11" type="cond" truecount="2" falsecount="0"/>
        <line num="7" count="2" type="stmt"/>
        <line num="8" count="9" type="cond" truecount="2" falsecount="0"/>
        <line num="9" count="2" type="stmt"/>
        <line num="10" count="7" type="cond" truecount="2" falsecount="0"/>
        <line num="11" count="2" type="stmt"/>
        <line num="12" count="5" type="cond" truecount="2" falsecount="0"/>
        <line num="13" count="2" type="stmt"/>
        <line num="14" count="3" type="cond" truecount="2" falsecount="0"/>
        <line num="15" count="2" type="stmt"/>
        <line num="17" count="1" type="stmt"/>
        <line num="20" count="11" type="stmt"/>
        <line num="23" count="2" type="stmt"/>
        <line num="24" count="11" type="stmt"/>
        <line num="25" count="11" type="stmt"/>
        <line num="26" count="11" type="stmt"/>
        <line num="27" count="11" type="stmt"/>
        <line num="29" count="11" type="stmt"/>
        <line num="31" count="6" type="stmt"/>
        <line num="38" count="5" type="stmt"/>
      </file>
      <file name="userController.js" path="C:\Users\rutub\OneDrive\Desktop\Comp4350\newProject\E-Book-Hub\Backend\Controller\userController.js">
        <metrics statements="31" coveredstatements="14" conditionals="8" coveredconditionals="2" methods="4" coveredmethods="1"/>
        <line num="1" count="2" type="stmt"/>
        <line num="2" count="2" type="stmt"/>
        <line num="3" count="2" type="stmt"/>
        <line num="5" count="2" type="stmt"/>
        <line num="6" count="9" type="stmt"/>
        <line num="7" count="9" type="cond" truecount="2" falsecount="0"/>
        <line num="8" count="7" type="stmt"/>
        <line num="10" count="9" type="stmt"/>
        <line num="12" count="1" type="stmt"/>
        <line num="13" count="1" type="stmt"/>
        <line num="21" count="8" type="stmt"/>
        <line num="29" count="2" type="stmt"/>
        <line num="30" count="0" type="stmt"/>
        <line num="31" count="0" type="stmt"/>
        <line num="38" count="0" type="cond" truecount="0" falsecount="2"/>
        <line num="39" count="0" type="stmt"/>
        <line num="42" count="0" type="stmt"/>
        <line num="50" count="0" type="stmt"/>
        <line num="58" count="2" type="stmt"/>
        <line num="59" count="0" type="stmt"/>
        <line num="60" count="0" type="stmt"/>
        <line num="61" count="0" type="stmt"/>
        <line num="63" count="0" type="cond" truecount="0" falsecount="2"/>
        <line num="64" count="0" type="stmt"/>
        <line num="67" count="0" type="cond" truecount="0" falsecount="2"/>
        <line num="68" count="0" type="stmt"/>
        <line num="69" count="0" type="stmt"/>
        <line num="77" count="0" type="stmt"/>
        <line num="80" count="0" type="stmt"/>
        <line num="88" count="2" type="stmt"/>
        <line num="89" count="0" type="stmt"/>
      </file>
    </package>
    <package name="Backend.models">
      <metrics statements="36" coveredstatements="34" conditionals="22" coveredconditionals="19" methods="2" coveredmethods="2"/>
      <file name="bookModel.js" path="C:\Users\rutub\OneDrive\Desktop\Comp4350\newProject\E-Book-Hub\Backend\models\bookModel.js">
        <metrics statements="31" coveredstatements="29" conditionals="22" coveredconditionals="19" methods="2" coveredmethods="2"/>
        <line num="1" count="2" type="stmt"/>
        <line num="2" count="240" type="cond" truecount="1" falsecount="1"/>
        <line num="3" count="0" type="stmt"/>
        <line num="5" count="240" type="cond" truecount="2" falsecount="0"/>
        <line num="6" count="162" type="stmt"/>
        <line num="8" count="240" type="cond" truecount="2" falsecount="0"/>
        <line num="9" count="12" type="stmt"/>
        <line num="12" count="240" type="cond" truecount="2" falsecount="0"/>
        <line num="13" count="101" type="stmt"/>
        <line num="15" count="240" type="cond" truecount="1" falsecount="1"/>
        <line num="16" count="0" type="stmt"/>
        <line num="18" count="240" type="cond" truecount="2" falsecount="0"/>
        <line num="19" count="105" type="stmt"/>
        <line num="22" count="240" type="cond" truecount="2" falsecount="0"/>
        <line num="23" count="36" type="stmt"/>
        <line num="26" count="240" type="cond" truecount="2" falsecount="0"/>
        <line num="27" count="2" type="stmt"/>
        <line num="29" count="240" type="cond" truecount="2" falsecount="0"/>
        <line num="30" count="216" type="stmt"/>
        <line num="33" count="240" type="cond" truecount="2" falsecount="0"/>
        <line num="34" count="44" type="stmt"/>
        <line num="37" count="240" type="stmt"/>
        <line num="40" count="2" type="stmt"/>
        <line num="42" count="11" type="stmt"/>
        <line num="44" count="11" type="stmt"/>
        <line num="45" count="245" type="cond" truecount="1" falsecount="1"/>
        <line num="46" count="240" type="stmt"/>
        <line num="61" count="240" type="stmt"/>
        <line num="63" count="240" type="stmt"/>
        <line num="67" count="6" type="stmt"/>
        <line num="70" count="2" type="stmt"/>
      </file>
      <file name="userModel.js" path="C:\Users\rutub\OneDrive\Desktop\Comp4350\newProject\E-Book-Hub\Backend\models\userModel.js">
        <metrics statements="5" coveredstatements="5" conditionals="0" coveredconditionals="0" methods="0" coveredmethods="0"/>
        <line num="1" count="2" type="stmt"/>
        <line num="3" count="2" type="stmt"/>
        <line num="28" count="2" type="stmt"/>
        <line num="30" count="2" type="stmt"/>
        <line num="32" count="2" type="stmt"/>
      </file>
    </package>
    <package name="Backend.routes">
      <metrics statements="17" coveredstatements="17" conditionals="0" coveredconditionals="0" methods="0" coveredmethods="0"/>
      <file name="bookRoutes.js" path="C:\Users\rutub\OneDrive\Desktop\Comp4350\newProject\E-Book-Hub\Backend\routes\bookRoutes.js">
        <metrics statements="10" coveredstatements="10" conditionals="0" coveredconditionals="0" methods="0" coveredmethods="0"/>
        <line num="1" count="2" type="stmt"/>
        <line num="3" count="2" type="stmt"/>
        <line num="5" count="2" type="stmt"/>
        <line num="11" count="2" type="stmt"/>
        <line num="12" count="2" type="stmt"/>
        <line num="13" count="2" type="stmt"/>
        <line num="14" count="2" type="stmt"/>
        <line num="15" count="2" type="stmt"/>
        <line num="16" count="2" type="stmt"/>
        <line num="18" count="2" type="stmt"/>
      </file>
      <file name="userRoutes.js" path="C:\Users\rutub\OneDrive\Desktop\Comp4350\newProject\E-Book-Hub\Backend\routes\userRoutes.js">
        <metrics statements="7" coveredstatements="7" conditionals="0" coveredconditionals="0" methods="0" coveredmethods="0"/>
        <line num="1" count="2" type="stmt"/>
        <line num="3" count="2" type="stmt"/>
        <line num="5" count="2" type="stmt"/>
        <line num="10" count="2" type="stmt"/>
        <line num="13" count="2" type="stmt"/>
        <line num="18" count="2" type="stmt"/>
        <line num="20" count="2" type="stmt"/>
      </file>
    </package>
  </project>
</coverage>
