{"C:\\Users\\rutub\\OneDrive\\Desktop\\Comp4350\\newProject\\E-Book-Hub\\Backend\\app.js": {"path":"C:\\Users\\rutub\\OneDrive\\Desktop\\Comp4350\\newProject\\E-Book-Hub\\Backend\\app.js","statementMap":{"0":{"start":{"line":2,"column":16},"end":{"line":2,"column":34}},"1":{"start":{"line":3,"column":14},"end":{"line":3,"column":35}},"2":{"start":{"line":4,"column":13},"end":{"line":4,"column":28}},"3":{"start":{"line":5,"column":19},"end":{"line":5,"column":49}},"4":{"start":{"line":6,"column":19},"end":{"line":6,"column":49}},"5":{"start":{"line":7,"column":12},"end":{"line":7,"column":21}},"6":{"start":{"line":9,"column":0},"end":{"line":9,"column":16}},"7":{"start":{"line":15,"column":0},"end":{"line":15,"column":24}},"8":{"start":{"line":18,"column":0},"end":{"line":18,"column":39}},"9":{"start":{"line":20,"column":0},"end":{"line":20,"column":39}},"10":{"start":{"line":23,"column":0},"end":{"line":23,"column":21}}},"fnMap":{},"branchMap":{},"s":{"0":2,"1":2,"2":2,"3":2,"4":2,"5":2,"6":2,"7":2,"8":2,"9":2,"10":2},"f":{},"b":{},"_coverageSchema":"1a1c01bbd47fc00a2c39e90264f33305004495a9","hash":"38b388637a0648b514c460f23b9997e75a0fa52b"}
,"C:\\Users\\rutub\\OneDrive\\Desktop\\Comp4350\\newProject\\E-Book-Hub\\Backend\\Controller\\bookController.js": {"path":"C:\\Users\\rutub\\OneDrive\\Desktop\\Comp4350\\newProject\\E-Book-Hub\\Backend\\Controller\\bookController.js","statementMap":{"0":{"start":{"line":1,"column":14},"end":{"line":1,"column":35}},"1":{"start":{"line":2,"column":18},"end":{"line":2,"column":48}},"2":{"start":{"line":4,"column":13},"end":{"line":21,"column":1}},"3":{"start":{"line":6,"column":4},"end":{"line":18,"column":5}},"4":{"start":{"line":7,"column":8},"end":{"line":7,"column":196}},"5":{"start":{"line":8,"column":11},"end":{"line":18,"column":5}},"6":{"start":{"line":9,"column":8},"end":{"line":9,"column":199}},"7":{"start":{"line":10,"column":11},"end":{"line":18,"column":5}},"8":{"start":{"line":11,"column":8},"end":{"line":11,"column":202}},"9":{"start":{"line":12,"column":11},"end":{"line":18,"column":5}},"10":{"start":{"line":13,"column":8},"end":{"line":13,"column":208}},"11":{"start":{"line":14,"column":11},"end":{"line":18,"column":5}},"12":{"start":{"line":15,"column":8},"end":{"line":15,"column":223}},"13":{"start":{"line":17,"column":8},"end":{"line":17,"column":166}},"14":{"start":{"line":20,"column":4},"end":{"line":20,"column":19}},"15":{"start":{"line":23,"column":0},"end":{"line":43,"column":2}},"16":{"start":{"line":24,"column":18},"end":{"line":24,"column":29}},"17":{"start":{"line":25,"column":4},"end":{"line":42,"column":5}},"18":{"start":{"line":26,"column":31},"end":{"line":26,"column":51}},"19":{"start":{"line":27,"column":28},"end":{"line":27,"column":55}},"20":{"start":{"line":29,"column":8},"end":{"line":29,"column":64}},"21":{"start":{"line":31,"column":8},"end":{"line":36,"column":11}},"22":{"start":{"line":38,"column":8},"end":{"line":41,"column":11}}},"fnMap":{"0":{"name":"(anonymous_0)","decl":{"start":{"line":4,"column":13},"end":{"line":4,"column":14}},"loc":{"start":{"line":4,"column":22},"end":{"line":21,"column":1}},"line":4},"1":{"name":"(anonymous_1)","decl":{"start":{"line":23,"column":18},"end":{"line":23,"column":19}},"loc":{"start":{"line":23,"column":37},"end":{"line":43,"column":1}},"line":23}},"branchMap":{"0":{"loc":{"start":{"line":6,"column":4},"end":{"line":18,"column":5}},"type":"if","locations":[{"start":{"line":6,"column":4},"end":{"line":18,"column":5}},{"start":{"line":8,"column":11},"end":{"line":18,"column":5}}],"line":6},"1":{"loc":{"start":{"line":8,"column":11},"end":{"line":18,"column":5}},"type":"if","locations":[{"start":{"line":8,"column":11},"end":{"line":18,"column":5}},{"start":{"line":10,"column":11},"end":{"line":18,"column":5}}],"line":8},"2":{"loc":{"start":{"line":10,"column":11},"end":{"line":18,"column":5}},"type":"if","locations":[{"start":{"line":10,"column":11},"end":{"line":18,"column":5}},{"start":{"line":12,"column":11},"end":{"line":18,"column":5}}],"line":10},"3":{"loc":{"start":{"line":12,"column":11},"end":{"line":18,"column":5}},"type":"if","locations":[{"start":{"line":12,"column":11},"end":{"line":18,"column":5}},{"start":{"line":14,"column":11},"end":{"line":18,"column":5}}],"line":12},"4":{"loc":{"start":{"line":14,"column":11},"end":{"line":18,"column":5}},"type":"if","locations":[{"start":{"line":14,"column":11},"end":{"line":18,"column":5}},{"start":{"line":16,"column":11},"end":{"line":18,"column":5}}],"line":14}},"s":{"0":2,"1":2,"2":2,"3":11,"4":2,"5":9,"6":2,"7":7,"8":2,"9":5,"10":2,"11":3,"12":2,"13":1,"14":11,"15":2,"16":11,"17":11,"18":11,"19":11,"20":11,"21":6,"22":5},"f":{"0":11,"1":11},"b":{"0":[2,9],"1":[2,7],"2":[2,5],"3":[2,3],"4":[2,1]},"_coverageSchema":"1a1c01bbd47fc00a2c39e90264f33305004495a9","hash":"5a76371794a334f0531cfc7d2538f0bcd9065dbd"}
,"C:\\Users\\rutub\\OneDrive\\Desktop\\Comp4350\\newProject\\E-Book-Hub\\Backend\\Controller\\userController.js": {"path":"C:\\Users\\rutub\\OneDrive\\Desktop\\Comp4350\\newProject\\E-Book-Hub\\Backend\\Controller\\userController.js","statementMap":{"0":{"start":{"line":1,"column":14},"end":{"line":1,"column":44}},"1":{"start":{"line":2,"column":15},"end":{"line":2,"column":32}},"2":{"start":{"line":3,"column":15},"end":{"line":3,"column":46}},"3":{"start":{"line":5,"column":0},"end":{"line":26,"column":2}},"4":{"start":{"line":6,"column":4},"end":{"line":25,"column":5}},"5":{"start":{"line":7,"column":8},"end":{"line":9,"column":9}},"6":{"start":{"line":8,"column":12},"end":{"line":8,"column":66}},"7":{"start":{"line":10,"column":22},"end":{"line":10,"column":50}},"8":{"start":{"line":11,"column":8},"end":{"line":11,"column":60}},"9":{"start":{"line":12,"column":8},"end":{"line":18,"column":11}},"10":{"start":{"line":20,"column":8},"end":{"line":24,"column":11}},"11":{"start":{"line":28,"column":0},"end":{"line":59,"column":2}},"12":{"start":{"line":29,"column":4},"end":{"line":58,"column":5}},"13":{"start":{"line":31,"column":8},"end":{"line":33,"column":9}},"14":{"start":{"line":32,"column":12},"end":{"line":32,"column":66}},"15":{"start":{"line":34,"column":27},"end":{"line":39,"column":9}},"16":{"start":{"line":41,"column":8},"end":{"line":43,"column":9}},"17":{"start":{"line":42,"column":12},"end":{"line":42,"column":22}},"18":{"start":{"line":44,"column":8},"end":{"line":44,"column":66}},"19":{"start":{"line":45,"column":8},"end":{"line":51,"column":11}},"20":{"start":{"line":53,"column":8},"end":{"line":57,"column":11}},"21":{"start":{"line":61,"column":0},"end":{"line":88,"column":2}},"22":{"start":{"line":62,"column":4},"end":{"line":87,"column":5}},"23":{"start":{"line":63,"column":21},"end":{"line":63,"column":75}},"24":{"start":{"line":64,"column":8},"end":{"line":64,"column":54}},"25":{"start":{"line":66,"column":8},"end":{"line":68,"column":9}},"26":{"start":{"line":67,"column":12},"end":{"line":67,"column":22}},"27":{"start":{"line":70,"column":8},"end":{"line":80,"column":9}},"28":{"start":{"line":71,"column":12},"end":{"line":77,"column":15}},"29":{"start":{"line":79,"column":12},"end":{"line":79,"column":22}},"30":{"start":{"line":82,"column":8},"end":{"line":86,"column":11}},"31":{"start":{"line":90,"column":0},"end":{"line":95,"column":2}},"32":{"start":{"line":91,"column":4},"end":{"line":94,"column":7}}},"fnMap":{"0":{"name":"(anonymous_0)","decl":{"start":{"line":5,"column":21},"end":{"line":5,"column":22}},"loc":{"start":{"line":5,"column":40},"end":{"line":26,"column":1}},"line":5},"1":{"name":"(anonymous_1)","decl":{"start":{"line":28,"column":21},"end":{"line":28,"column":22}},"loc":{"start":{"line":28,"column":40},"end":{"line":59,"column":1}},"line":28},"2":{"name":"(anonymous_2)","decl":{"start":{"line":61,"column":18},"end":{"line":61,"column":19}},"loc":{"start":{"line":61,"column":37},"end":{"line":88,"column":1}},"line":61},"3":{"name":"(anonymous_3)","decl":{"start":{"line":90,"column":21},"end":{"line":90,"column":22}},"loc":{"start":{"line":90,"column":35},"end":{"line":95,"column":1}},"line":90}},"branchMap":{"0":{"loc":{"start":{"line":7,"column":8},"end":{"line":9,"column":9}},"type":"if","locations":[{"start":{"line":7,"column":8},"end":{"line":9,"column":9}},{"start":{},"end":{}}],"line":7},"1":{"loc":{"start":{"line":31,"column":8},"end":{"line":33,"column":9}},"type":"if","locations":[{"start":{"line":31,"column":8},"end":{"line":33,"column":9}},{"start":{},"end":{}}],"line":31},"2":{"loc":{"start":{"line":41,"column":8},"end":{"line":43,"column":9}},"type":"if","locations":[{"start":{"line":41,"column":8},"end":{"line":43,"column":9}},{"start":{},"end":{}}],"line":41},"3":{"loc":{"start":{"line":66,"column":8},"end":{"line":68,"column":9}},"type":"if","locations":[{"start":{"line":66,"column":8},"end":{"line":68,"column":9}},{"start":{},"end":{}}],"line":66},"4":{"loc":{"start":{"line":70,"column":8},"end":{"line":80,"column":9}},"type":"if","locations":[{"start":{"line":70,"column":8},"end":{"line":80,"column":9}},{"start":{"line":78,"column":15},"end":{"line":80,"column":9}}],"line":70}},"s":{"0":2,"1":2,"2":2,"3":2,"4":9,"5":9,"6":7,"7":9,"8":1,"9":1,"10":8,"11":2,"12":0,"13":0,"14":0,"15":0,"16":0,"17":0,"18":0,"19":0,"20":0,"21":2,"22":0,"23":0,"24":0,"25":0,"26":0,"27":0,"28":0,"29":0,"30":0,"31":2,"32":0},"f":{"0":9,"1":0,"2":0,"3":0},"b":{"0":[7,2],"1":[0,0],"2":[0,0],"3":[0,0],"4":[0,0]},"_coverageSchema":"1a1c01bbd47fc00a2c39e90264f33305004495a9","hash":"e8aba768dcc415580b0a3f73fb8111986ba6360c"}
,"C:\\Users\\rutub\\OneDrive\\Desktop\\Comp4350\\newProject\\E-Book-Hub\\Backend\\models\\bookModel.js": {"path":"C:\\Users\\rutub\\OneDrive\\Desktop\\Comp4350\\newProject\\E-Book-Hub\\Backend\\models\\bookModel.js","statementMap":{"0":{"start":{"line":1,"column":21},"end":{"line":38,"column":1}},"1":{"start":{"line":2,"column":4},"end":{"line":4,"column":5}},"2":{"start":{"line":3,"column":8},"end":{"line":3,"column":37}},"3":{"start":{"line":5,"column":4},"end":{"line":7,"column":5}},"4":{"start":{"line":6,"column":8},"end":{"line":6,"column":40}},"5":{"start":{"line":8,"column":4},"end":{"line":10,"column":5}},"6":{"start":{"line":9,"column":8},"end":{"line":9,"column":39}},"7":{"start":{"line":12,"column":4},"end":{"line":14,"column":5}},"8":{"start":{"line":13,"column":8},"end":{"line":13,"column":41}},"9":{"start":{"line":15,"column":4},"end":{"line":17,"column":5}},"10":{"start":{"line":16,"column":8},"end":{"line":16,"column":43}},"11":{"start":{"line":18,"column":4},"end":{"line":20,"column":5}},"12":{"start":{"line":19,"column":8},"end":{"line":19,"column":43}},"13":{"start":{"line":22,"column":4},"end":{"line":24,"column":5}},"14":{"start":{"line":23,"column":8},"end":{"line":23,"column":41}},"15":{"start":{"line":26,"column":4},"end":{"line":28,"column":5}},"16":{"start":{"line":27,"column":8},"end":{"line":27,"column":41}},"17":{"start":{"line":29,"column":4},"end":{"line":31,"column":5}},"18":{"start":{"line":30,"column":8},"end":{"line":30,"column":28}},"19":{"start":{"line":33,"column":4},"end":{"line":35,"column":5}},"20":{"start":{"line":34,"column":8},"end":{"line":34,"column":40}},"21":{"start":{"line":37,"column":4},"end":{"line":37,"column":16}},"22":{"start":{"line":40,"column":23},"end":{"line":68,"column":1}},"23":{"start":{"line":42,"column":20},"end":{"line":42,"column":22}},"24":{"start":{"line":44,"column":4},"end":{"line":65,"column":5}},"25":{"start":{"line":45,"column":8},"end":{"line":64,"column":9}},"26":{"start":{"line":46,"column":23},"end":{"line":59,"column":13}},"27":{"start":{"line":61,"column":12},"end":{"line":61,"column":40}},"28":{"start":{"line":63,"column":12},"end":{"line":63,"column":33}},"29":{"start":{"line":67,"column":4},"end":{"line":67,"column":21}},"30":{"start":{"line":70,"column":0},"end":{"line":70,"column":51}}},"fnMap":{"0":{"name":"(anonymous_0)","decl":{"start":{"line":1,"column":21},"end":{"line":1,"column":22}},"loc":{"start":{"line":1,"column":36},"end":{"line":38,"column":1}},"line":1},"1":{"name":"(anonymous_1)","decl":{"start":{"line":40,"column":23},"end":{"line":40,"column":24}},"loc":{"start":{"line":40,"column":43},"end":{"line":68,"column":1}},"line":40}},"branchMap":{"0":{"loc":{"start":{"line":2,"column":4},"end":{"line":4,"column":5}},"type":"if","locations":[{"start":{"line":2,"column":4},"end":{"line":4,"column":5}},{"start":{},"end":{}}],"line":2},"1":{"loc":{"start":{"line":5,"column":4},"end":{"line":7,"column":5}},"type":"if","locations":[{"start":{"line":5,"column":4},"end":{"line":7,"column":5}},{"start":{},"end":{}}],"line":5},"2":{"loc":{"start":{"line":8,"column":4},"end":{"line":10,"column":5}},"type":"if","locations":[{"start":{"line":8,"column":4},"end":{"line":10,"column":5}},{"start":{},"end":{}}],"line":8},"3":{"loc":{"start":{"line":12,"column":4},"end":{"line":14,"column":5}},"type":"if","locations":[{"start":{"line":12,"column":4},"end":{"line":14,"column":5}},{"start":{},"end":{}}],"line":12},"4":{"loc":{"start":{"line":15,"column":4},"end":{"line":17,"column":5}},"type":"if","locations":[{"start":{"line":15,"column":4},"end":{"line":17,"column":5}},{"start":{},"end":{}}],"line":15},"5":{"loc":{"start":{"line":18,"column":4},"end":{"line":20,"column":5}},"type":"if","locations":[{"start":{"line":18,"column":4},"end":{"line":20,"column":5}},{"start":{},"end":{}}],"line":18},"6":{"loc":{"start":{"line":22,"column":4},"end":{"line":24,"column":5}},"type":"if","locations":[{"start":{"line":22,"column":4},"end":{"line":24,"column":5}},{"start":{},"end":{}}],"line":22},"7":{"loc":{"start":{"line":26,"column":4},"end":{"line":28,"column":5}},"type":"if","locations":[{"start":{"line":26,"column":4},"end":{"line":28,"column":5}},{"start":{},"end":{}}],"line":26},"8":{"loc":{"start":{"line":29,"column":4},"end":{"line":31,"column":5}},"type":"if","locations":[{"start":{"line":29,"column":4},"end":{"line":31,"column":5}},{"start":{},"end":{}}],"line":29},"9":{"loc":{"start":{"line":33,"column":4},"end":{"line":35,"column":5}},"type":"if","locations":[{"start":{"line":33,"column":4},"end":{"line":35,"column":5}},{"start":{},"end":{}}],"line":33},"10":{"loc":{"start":{"line":45,"column":8},"end":{"line":64,"column":9}},"type":"if","locations":[{"start":{"line":45,"column":8},"end":{"line":64,"column":9}},{"start":{},"end":{}}],"line":45}},"s":{"0":2,"1":240,"2":0,"3":240,"4":160,"5":240,"6":14,"7":240,"8":85,"9":240,"10":0,"11":240,"12":87,"13":240,"14":36,"15":240,"16":2,"17":240,"18":195,"19":240,"20":41,"21":240,"22":2,"23":11,"24":11,"25":245,"26":240,"27":240,"28":240,"29":6,"30":2},"f":{"0":240,"1":11},"b":{"0":[0,240],"1":[160,80],"2":[14,226],"3":[85,155],"4":[0,240],"5":[87,153],"6":[36,204],"7":[2,238],"8":[195,45],"9":[41,199],"10":[240,0]},"_coverageSchema":"1a1c01bbd47fc00a2c39e90264f33305004495a9","hash":"27bb5d7a867804c7a447a843152d56e881fe8763"}
,"C:\\Users\\rutub\\OneDrive\\Desktop\\Comp4350\\newProject\\E-Book-Hub\\Backend\\models\\userModel.js": {"path":"C:\\Users\\rutub\\OneDrive\\Desktop\\Comp4350\\newProject\\E-Book-Hub\\Backend\\models\\userModel.js","statementMap":{"0":{"start":{"line":1,"column":17},"end":{"line":1,"column":36}},"1":{"start":{"line":3,"column":19},"end":{"line":26,"column":2}},"2":{"start":{"line":28,"column":14},"end":{"line":28,"column":49}},"3":{"start":{"line":30,"column":18},"end":{"line":30,"column":57}},"4":{"start":{"line":32,"column":0},"end":{"line":32,"column":36}}},"fnMap":{},"branchMap":{},"s":{"0":2,"1":2,"2":2,"3":2,"4":2},"f":{},"b":{},"_coverageSchema":"1a1c01bbd47fc00a2c39e90264f33305004495a9","hash":"183da17abc51c074fe109ffc3924349d7b20ad0d"}
,"C:\\Users\\rutub\\OneDrive\\Desktop\\Comp4350\\newProject\\E-Book-Hub\\Backend\\routes\\bookRoutes.js": {"path":"C:\\Users\\rutub\\OneDrive\\Desktop\\Comp4350\\newProject\\E-Book-Hub\\Backend\\routes\\bookRoutes.js","statementMap":{"0":{"start":{"line":1,"column":23},"end":{"line":1,"column":62}},"1":{"start":{"line":3,"column":16},"end":{"line":3,"column":34}},"2":{"start":{"line":5,"column":15},"end":{"line":5,"column":31}},"3":{"start":{"line":11,"column":0},"end":{"line":11,"column":53}},"4":{"start":{"line":12,"column":0},"end":{"line":12,"column":68}},"5":{"start":{"line":13,"column":0},"end":{"line":13,"column":70}},"6":{"start":{"line":14,"column":0},"end":{"line":14,"column":74}},"7":{"start":{"line":15,"column":0},"end":{"line":15,"column":76}},"8":{"start":{"line":16,"column":0},"end":{"line":16,"column":71}},"9":{"start":{"line":18,"column":0},"end":{"line":18,"column":24}}},"fnMap":{},"branchMap":{},"s":{"0":2,"1":2,"2":2,"3":2,"4":2,"5":2,"6":2,"7":2,"8":2,"9":2},"f":{},"b":{},"_coverageSchema":"1a1c01bbd47fc00a2c39e90264f33305004495a9","hash":"d8184e93723241b5de52b7fb50c021fd16e168a4"}
,"C:\\Users\\rutub\\OneDrive\\Desktop\\Comp4350\\newProject\\E-Book-Hub\\Backend\\routes\\userRoutes.js": {"path":"C:\\Users\\rutub\\OneDrive\\Desktop\\Comp4350\\newProject\\E-Book-Hub\\Backend\\routes\\userRoutes.js","statementMap":{"0":{"start":{"line":1,"column":23},"end":{"line":1,"column":62}},"1":{"start":{"line":3,"column":16},"end":{"line":3,"column":34}},"2":{"start":{"line":5,"column":15},"end":{"line":5,"column":31}},"3":{"start":{"line":10,"column":0},"end":{"line":10,"column":60}},"4":{"start":{"line":13,"column":0},"end":{"line":16,"column":39}},"5":{"start":{"line":18,"column":0},"end":{"line":18,"column":65}},"6":{"start":{"line":20,"column":0},"end":{"line":20,"column":24}}},"fnMap":{},"branchMap":{},"s":{"0":2,"1":2,"2":2,"3":2,"4":2,"5":2,"6":2},"f":{},"b":{},"_coverageSchema":"1a1c01bbd47fc00a2c39e90264f33305004495a9","hash":"9219226d1319c479edb661d61ebc4fa9cd953b4d"}
}
