TN:
SF:app.js
FNF:0
FNH:0
DA:2,2
DA:3,2
DA:4,2
DA:5,2
DA:6,2
DA:7,2
DA:9,2
DA:15,2
DA:18,2
DA:20,2
DA:23,2
LF:11
LH:11
BRF:0
BRH:0
end_of_record
TN:
SF:Controller\bookController.js
FN:4,(anonymous_0)
FN:23,(anonymous_1)
FNF:2
FNH:2
FNDA:11,(anonymous_0)
FNDA:11,(anonymous_1)
DA:1,2
DA:2,2
DA:4,2
DA:6,11
DA:7,2
DA:8,9
DA:9,2
DA:10,7
DA:11,2
DA:12,5
DA:13,2
DA:14,3
DA:15,2
DA:17,1
DA:20,11
DA:23,2
DA:24,11
DA:25,11
DA:26,11
DA:27,11
DA:29,11
DA:31,6
DA:38,5
LF:23
LH:23
BRDA:6,0,0,2
BRDA:6,0,1,9
BRDA:8,1,0,2
BRDA:8,1,1,7
BRDA:10,2,0,2
BRDA:10,2,1,5
BRDA:12,3,0,2
BRDA:12,3,1,3
BRDA:14,4,0,2
BRDA:14,4,1,1
BRF:10
BRH:10
end_of_record
TN:
SF:Controller\userController.js
FN:5,(anonymous_0)
FN:28,(anonymous_1)
FN:61,(anonymous_2)
FN:90,(anonymous_3)
FNF:4
FNH:1
FNDA:9,(anonymous_0)
FNDA:0,(anonymous_1)
FNDA:0,(anonymous_2)
FNDA:0,(anonymous_3)
DA:1,2
DA:2,2
DA:3,2
DA:5,2
DA:6,9
DA:7,9
DA:8,7
DA:10,9
DA:11,1
DA:12,1
DA:20,8
DA:28,2
DA:29,0
DA:31,0
DA:32,0
DA:34,0
DA:41,0
DA:42,0
DA:44,0
DA:45,0
DA:53,0
DA:61,2
DA:62,0
DA:63,0
DA:64,0
DA:66,0
DA:67,0
DA:70,0
DA:71,0
DA:79,0
DA:82,0
DA:90,2
DA:91,0
LF:33
LH:14
BRDA:7,0,0,7
BRDA:7,0,1,2
BRDA:31,1,0,0
BRDA:31,1,1,0
BRDA:41,2,0,0
BRDA:41,2,1,0
BRDA:66,3,0,0
BRDA:66,3,1,0
BRDA:70,4,0,0
BRDA:70,4,1,0
BRF:10
BRH:2
end_of_record
TN:
SF:models\bookModel.js
FN:1,(anonymous_0)
FN:40,(anonymous_1)
FNF:2
FNH:2
FNDA:240,(anonymous_0)
FNDA:11,(anonymous_1)
DA:1,2
DA:2,240
DA:3,0
DA:5,240
DA:6,161
DA:8,240
DA:9,13
DA:12,240
DA:13,101
DA:15,240
DA:16,0
DA:18,240
DA:19,105
DA:22,240
DA:23,35
DA:26,240
DA:27,2
DA:29,240
DA:30,217
DA:33,240
DA:34,41
DA:37,240
DA:40,2
DA:42,11
DA:44,11
DA:45,245
DA:46,240
DA:61,240
DA:63,240
DA:67,6
DA:70,2
LF:31
LH:29
BRDA:2,0,0,0
BRDA:2,0,1,240
BRDA:5,1,0,161
BRDA:5,1,1,79
BRDA:8,2,0,13
BRDA:8,2,1,227
BRDA:12,3,0,101
BRDA:12,3,1,139
BRDA:15,4,0,0
BRDA:15,4,1,240
BRDA:18,5,0,105
BRDA:18,5,1,135
BRDA:22,6,0,35
BRDA:22,6,1,205
BRDA:26,7,0,2
BRDA:26,7,1,238
BRDA:29,8,0,217
BRDA:29,8,1,23
BRDA:33,9,0,41
BRDA:33,9,1,199
BRDA:45,10,0,240
BRDA:45,10,1,0
BRF:22
BRH:19
end_of_record
TN:
SF:models\userModel.js
FNF:0
FNH:0
DA:1,2
DA:3,2
DA:28,2
DA:30,2
DA:32,2
LF:5
LH:5
BRF:0
BRH:0
end_of_record
TN:
SF:routes\bookRoutes.js
FNF:0
FNH:0
DA:1,2
DA:3,2
DA:5,2
DA:11,2
DA:12,2
DA:13,2
DA:14,2
DA:15,2
DA:16,2
DA:18,2
LF:10
LH:10
BRF:0
BRH:0
end_of_record
TN:
SF:routes\userRoutes.js
FNF:0
FNH:0
DA:1,2
DA:3,2
DA:5,2
DA:10,2
DA:13,2
DA:18,2
DA:20,2
LF:7
LH:7
BRF:0
BRH:0
end_of_record
